[     448ms] [ERROR] Failed to load resource: the server responded with a status of 404 () @ https://koutarouhanabusa.grafana.net/apis/userstorage.grafana.app/v0alpha1/namespaces/stacks-1539365/user-storage/saved-queries:cfeenrz99pwxse:0
[     599ms] [ERROR] Failed to load resource: the server responded with a status of 404 () @ https://koutarouhanabusa.grafana.net/apis/userstorage.grafana.app/v0alpha1/namespaces/stacks-1539365/user-storage/grafana-runtime:cfeenrz99pwxse:0
[     663ms] [ERROR] This version of the RudderStack JavaScript SDK is deprecated and no longer maintained. While your events are still being tracked and delivered, we strongly recommend you to migrate to the latest version (v3) for enhanced features, security updates, and ongoing support. For more details, visit the migration guide: https://www.rudderstack.com/docs/sources/event-streams/sdks/rudderstack-javascript-sdk/migration-guide/. @ https://grafana-assets.grafana.net/grafana/13.0.0-22326976726/public/build/2491.a82a2116571b2ef2fb40.js:71
[     671ms] [ERROR] Failed to load resource: the server responded with a status of 404 () @ https://koutarouhanabusa.grafana.net/apis/userstorage.grafana.app/v0alpha1/namespaces/stacks-1539365/user-storage/advisor-redirect-notice:cfeenrz99pwxse:0
[     792ms] [WARNING] [Pathfinder] Experiment config loaded: variant="control", pages=["/a/grafana-synthetic-monitoring-app*","/a/grafana-irm-app/integrations*","/a/grafana-irm-app/schedules*","/a/grafana-irm-app/escalations*","/a/grafana-irm-app/alert-groups*","/a/grafana-irm-app/incidents*","/a/grafana-irm-app?irmHomePageActiveTab=My%20IRM*"], resetCache=false @ https://grafana-assets.grafana.net/grafana/13.0.0-22326976726/public/build/2491.a82a2116571b2ef2fb40.js:71
[    2140ms] [ERROR] Failed to load resource: the server responded with a status of 422 () @ https://api-iam.intercom.io/messenger/web/events:0
[    2181ms] [ERROR] Failed to load resource: the server responded with a status of 422 () @ https://api-iam.intercom.io/messenger/web/events:0
[    2434ms] [ERROR] Failed to load resource: the server responded with a status of 422 () @ https://api-iam.intercom.io/messenger/web/events:0
[  981794ms] [ERROR] Failed to load resource: the server responded with a status of 401 () @ https://koutarouhanabusa.grafana.net/api/user/auth-tokens/rotate:0
[  982006ms] [ERROR] Faro
 @grafana/faro-web-sdk:transport-fetch
 Failed sending payload to the receiver
 {meta: Object, events: Array(1)} TypeError: Failed to fetch
    at https://plugins-cdn.grafana.net/grafana-assistant-app/1.1.47/public/plugins/grafana-assistant-app/7374.js?_cache=384276e300a49e3ee944:1:49704
    at o.<computed>.o.<computed> (https://rsi.grafana.com/v1.1/js-integrations/Fullstory.min.js:1:5852)
    at https://plugins-cdn.grafana.net/grafana-assistant-app/1.1.47/public/plugins/grafana-assistant-app/6330.js?_cache=f67737a53fe5d8f9b943:2:24403
    at o (https://plugins-cdn.grafana.net/grafana-assistant-app/1.1.47/public/plugins/grafana-assistant-app/6330.js?_cache=f67737a53fe5d8f9b943:2:16461)
    at https://plugins-cdn.grafana.net/grafana-assistant-app/1.1.47/public/plugins/grafana-assistant-app/6330.js?_cache=f67737a53fe5d8f9b943:2:16644
    at new Promise (<anonymous>)
    at Object.add (https://plugins-cdn.grafana.net/grafana-assistant-app/1.1.47/public/plugins/grafana-assistant-app/6330.js?_cache=f67737a53fe5d8f9b943:2:16584)
    at wt.<anonymous> (https://plugins-cdn.grafana.net/grafana-assistant-app/1.1.47/public/plugins/grafana-assistant-app/6330.js?_cache=f67737a53fe5d8f9b943:2:24204)
    at Generator.next (<anonymous>)
    at https://plugins-cdn.grafana.net/grafana-assistant-app/1.1.47/public/plugins/grafana-assistant-app/6330.js?_cache=f67737a53fe5d8f9b943:2:23178 @ https://grafana-assets.grafana.net/grafana/13.0.0-22326976726/public/build/2491.a82a2116571b2ef2fb40.js:71
[  982400ms] [ERROR] Failed to load resource: the server responded with a status of 401 () @ https://koutarouhanabusa.grafana.net/api/recording-rules/writer:0
[  982404ms] [ERROR] Error fetching Prometheus write target: {status: 401, statusText: , data: Object, config: Object, traceId: 17543c7c503f3a36134ee73d01ed0a49} @ https://grafana-assets.grafana.net/grafana/13.0.0-22326976726/public/build/2491.a82a2116571b2ef2fb40.js:71
[  982418ms] [ERROR] Failed to load resource: the server responded with a status of 401 () @ https://koutarouhanabusa.grafana.net/api/plugins/grafana-adaptivelogs-app/settings:0
[  982427ms] [ERROR] Failed to load resource: the server responded with a status of 401 () @ https://koutarouhanabusa.grafana.net/api/plugins/grafana-collector-app/settings:0
[  982859ms] [ERROR] Failed to load resource: the server responded with a status of 401 () @ https://koutarouhanabusa.grafana.net/api/plugins/grafana-adaptivetraces-app/settings:0
[  982859ms] [ERROR] Failed to load resource: the server responded with a status of 401 () @ https://koutarouhanabusa.grafana.net/api/plugins/grafana-app-observability-app/settings:0
[  982859ms] [ERROR] Failed to load resource: the server responded with a status of 401 () @ https://koutarouhanabusa.grafana.net/api/plugins/grafana-asserts-app/settings:0
[  982860ms] [ERROR] Failed to load resource: the server responded with a status of 401 () @ https://koutarouhanabusa.grafana.net/api/plugins/grafana-csp-app/settings:0
[  982860ms] [ERROR] Failed to load resource: the server responded with a status of 401 () @ https://koutarouhanabusa.grafana.net/api/plugins/grafana-pathfinder-app/settings:0
[  982860ms] [ERROR] Failed to load resource: the server responded with a status of 401 () @ https://koutarouhanabusa.grafana.net/api/plugins/grafana-assistant-app/settings:0
[  982860ms] [ERROR] Failed to load resource: the server responded with a status of 401 () @ https://koutarouhanabusa.grafana.net/api/plugins/grafana-pyroscope-app/settings:0
[  982860ms] [ERROR] Failed to load resource: the server responded with a status of 401 () @ https://koutarouhanabusa.grafana.net/api/plugins/grafana-dbo11y-app/settings:0
[  982860ms] [ERROR] Failed to load resource: the server responded with a status of 401 () @ https://koutarouhanabusa.grafana.net/api/plugins/grafana-k8s-app/settings:0
[  982860ms] [ERROR] Failed to load resource: the server responded with a status of 401 () @ https://koutarouhanabusa.grafana.net/api/plugins/grafana-irm-app/settings:0
[  982860ms] [ERROR] Failed to load resource: the server responded with a status of 401 () @ https://koutarouhanabusa.grafana.net/api/plugins/grafana-easystart-app/settings:0
[  982860ms] [ERROR] Failed to load resource: the server responded with a status of 401 () @ https://koutarouhanabusa.grafana.net/api/plugins/grafana-kowalski-app/settings:0
[  982860ms] [ERROR] Failed to load resource: the server responded with a status of 401 () @ https://koutarouhanabusa.grafana.net/api/plugins/grafana-exploretraces-app/settings:0
[  982860ms] [ERROR] Failed to load resource: the server responded with a status of 401 () @ https://koutarouhanabusa.grafana.net/api/plugins/grafana-lokiexplore-app/settings:0
[  982860ms] [ERROR] Failed to load resource: the server responded with a status of 401 () @ https://koutarouhanabusa.grafana.net/api/plugins/grafana-metricsdrilldown-app/settings:0
[  982872ms] [ERROR] This version of the RudderStack JavaScript SDK is deprecated and no longer maintained. While your events are still being tracked and delivered, we strongly recommend you to migrate to the latest version (v3) for enhanced features, security updates, and ongoing support. For more details, visit the migration guide: https://www.rudderstack.com/docs/sources/event-streams/sdks/rudderstack-javascript-sdk/migration-guide/. @ https://grafana-assets.grafana.net/grafana/13.0.0-22326976726/public/build/2491.a82a2116571b2ef2fb40.js:71
[  985683ms] [ERROR] Failed to load resource: the server responded with a status of 403 () @ https://api-iam.intercom.io/messenger/web/ping:0
[  985685ms] [ERROR] Intercom Messenger error: Missing user_hash or intercom_user_jwt. A valid user_hash or intercom_user_jwt is required to authenticate users when Messenger Security is enforced. For more details, see https://www.intercom.com/help/en/collections/12295815-messenger-security @ https://js.intercomcdn.com/frame-modern.98a66b93.js:0
[  985835ms] [ERROR] Failed to load resource: the server responded with a status of 403 () @ https://api-iam.intercom.io/messenger/web/page_view_events:0
