[     477ms] [ERROR] Failed to load resource: the server responded with a status of 403 () @ https://dash.cloudflare.com/api/v4/persistence/user:0
[     497ms] [ERROR] Failed to load resource: the server responded with a status of 403 () @ https://dash.cloudflare.com/api/v4/user/communication_preferences:0
[     534ms] [ERROR] Failed to load resource: the server responded with a status of 403 () @ https://dash.cloudflare.com/api/v4/ztx-bff/users/session:0
[     534ms] [ERROR] Failed to load resource: the server responded with a status of 403 () @ https://dash.cloudflare.com/api/v4/user:0
[     710ms] [ERROR] Failed to load resource: the server responded with a status of 403 () @ https://dash.cloudflare.com/api/v4/ztx-bff/users/engagement:0
[     711ms] [ERROR] Failed to load resource: the server responded with a status of 403 () @ https://dash.cloudflare.com/api/v4/user:0
[    2452ms] [ERROR] Failed to load resource: the server responded with a status of 401 () @ https://challenges.cloudflare.com/cdn-cgi/challenge-platform/h/b/pat/9d3f4d873b17908a/1772107444539/c9a2eaba38aa0b06c0b8cf596fcf7d9dc8036c0271de1f9f4adcb9f4d475718f/HsgVeuhxSsLaqr3:0
[    2493ms] [ERROR]  Note that 'script-src' was not explicitly set, so 'default-src' is used as a fallback. @ https://challenges.cloudflare.com/cdn-cgi/challenge-platform/h/b/turnstile/f/ov2/av0/rch/v4ssv/0x4AAAAAAAJel0iaAR3mgkjp/light/fbE/new/flexible?lang=auto:0
[    2699ms] [ERROR] %c%d font-size:0;color:transparent NaN @ https://challenges.cloudflare.com/cdn-cgi/challenge-platform/h/b/turnstile/f/ov2/av0/rch/v4ssv/0x4AAAAAAAJel0iaAR3mgkjp/light/fbE/new/flexible?lang=auto:0
[    2699ms] [ERROR] %c%d font-size:0;color:transparent NaN @ https://challenges.cloudflare.com/cdn-cgi/challenge-platform/h/b/turnstile/f/ov2/av0/rch/v4ssv/0x4AAAAAAAJel0iaAR3mgkjp/light/fbE/new/flexible?lang=auto:0
[    2700ms] [WARNING] %c%d font-size:0;color:transparent NaN @ https://challenges.cloudflare.com/cdn-cgi/challenge-platform/h/b/turnstile/f/ov2/av0/rch/v4ssv/0x4AAAAAAAJel0iaAR3mgkjp/light/fbE/new/flexible?lang=auto:0
[    2700ms] [WARNING] %c%d font-size:0;color:transparent NaN @ https://challenges.cloudflare.com/cdn-cgi/challenge-platform/h/b/turnstile/f/ov2/av0/rch/v4ssv/0x4AAAAAAAJel0iaAR3mgkjp/light/fbE/new/flexible?lang=auto:0
[    5913ms] [WARNING] The resource https://challenges.cloudflare.com/cdn-cgi/challenge-platform/h/b/cmg/1 was preloaded using link preload but not used within a few seconds from the window's load event. Please make sure it has an appropriate `as` value and it is preloaded intentionally. @ https://challenges.cloudflare.com/cdn-cgi/challenge-platform/h/b/turnstile/f/ov2/av0/rch/v4ssv/0x4AAAAAAAJel0iaAR3mgkjp/light/fbE/new/flexible?lang=auto:0
[   56601ms] [ERROR] Failed to load resource: the server responded with a status of 403 () @ https://dash.cloudflare.com/api/v4/zones?order=name&direction=asc&per_page=1&type=full%2Cpartial%2Csecondary:0
[   81465ms] [ERROR] TypeError: Failed to fetch
    at https://dash.cloudflare.com/cf-82fe5a0133d85e79.js:3:193545
    at async d (https://dash.cloudflare.com/cf-2b628bff2d810e48.js:3:13739)
    at async Object.logRouteVisited (https://dash.cloudflare.com/cf-2b628bff2d810e48.js:3:11084) @ https://dash.cloudflare.com/cf-82fe5a0133d85e79.js:2
[   83182ms] [ERROR] Failed to load resource: the server responded with a status of 404 () @ https://one.dash.cloudflare.com/.cloudflare/ga:0
[   83656ms] [ERROR] Failed to load resource: the server responded with a status of 404 () @ https://one.dash.cloudflare.com/.cloudflare/ga:0
